<?xml version="1.0" encoding="UTF-8"?>
<testng-results ignored="0" total="1" passed="1" failed="0" skipped="0">
  <reporter-output>
  </reporter-output>
  <suite started-at="2024-01-03T11:44:54 IST" name="Default suite" finished-at="2024-01-03T11:45:25 IST" duration-ms="30249">
    <groups>
    </groups>
    <test started-at="2024-01-03T11:44:54 IST" name="Default test" finished-at="2024-01-03T11:45:25 IST" duration-ms="30249">
      <class name="com.Xpath.InstagramLogInTest">
        <test-method is-config="true" signature="setUp()[pri:0, instance:com.Xpath.InstagramLogInTest@6f46426d]" started-at="2024-01-03T11:44:54 IST" name="setUp" finished-at="2024-01-03T11:45:01 IST" duration-ms="6965" status="PASS">
          <reporter-output>
          </reporter-output>
        </test-method> <!-- setUp -->
        <test-method signature="InstagramLogInTest()[pri:0, instance:com.Xpath.InstagramLogInTest@6f46426d]" started-at="2024-01-03T11:45:01 IST" name="InstagramLogInTest" finished-at="2024-01-03T11:45:25 IST" duration-ms="23197" status="PASS">
          <reporter-output>
          </reporter-output>
        </test-method> <!-- InstagramLogInTest -->
        <test-method is-config="true" signature="tearDown()[pri:0, instance:com.Xpath.InstagramLogInTest@6f46426d]" started-at="2024-01-03T11:45:25 IST" name="tearDown" finished-at="2024-01-03T11:45:25 IST" duration-ms="9" status="PASS">
          <reporter-output>
          </reporter-output>
        </test-method> <!-- tearDown -->
      </class> <!-- com.Xpath.InstagramLogInTest -->
    </test> <!-- Default test -->
  </suite> <!-- Default suite -->
</testng-results>
